#
# There is insufficient memory for the Java Runtime Environment to continue.
# Native memory allocation (mmap) failed to map 65536 bytes for Failed to commit metaspace.
# Possible reasons:
#   The system is out of physical RAM or swap space
#   The process is running with CompressedOops enabled, and the Java Heap may be blocking the growth of the native heap
# Possible solutions:
#   Reduce memory load on the system
#   Increase physical memory or swap space
#   Check if swap backing store is full
#   Decrease Java heap size (-Xmx/-Xms)
#   Decrease number of Java threads
#   Decrease Java thread stack sizes (-Xss)
#   Set larger code cache with -XX:ReservedCodeCacheSize=
#   JVM is running with Unscaled Compressed Oops mode in which the Java heap is
#     placed in the first 4GB address space. The Java Heap base address is the
#     maximum limit for the native heap growth. Please use -XX:HeapBaseMinAddress
#     to set the Java Heap base and to place the Java Heap above 4GB virtual address.
# This output file may be truncated or incomplete.
#
#  Out of Memory Error (virtualSpaceNode.cpp:110), pid=3216, tid=7148
#
# JRE version: Java(TM) SE Runtime Environment (17.0.2+8) (build 17.0.2+8-LTS-86)
# Java VM: Java HotSpot(TM) 64-Bit Server VM (17.0.2+8-LTS-86, mixed mode, emulated-client, sharing, tiered, compressed oops, compressed class ptrs, g1 gc, windows-amd64)
# No core dump will be written. Minidumps are not enabled by default on client versions of Windows
#

---------------  S U M M A R Y ------------

Command Line: -XX:TieredStopAtLevel=1 -Dspring.output.ansi.enabled=always -Dcom.sun.management.jmxremote -Dspring.jmx.enabled=true -Dspring.liveBeansView.mbeanDomain -Dspring.application.admin.enabled=true -Dmanagement.endpoints.jmx.exposure.include=* -javaagent:C:\Program Files\JetBrains\IntelliJ IDEA 2023.2.2\lib\idea_rt.jar=50517:C:\Program Files\JetBrains\IntelliJ IDEA 2023.2.2\bin -Dfile.encoding=UTF-8 esprit.tn.springp.SpringPApplication

Host: Intel(R) Celeron(R) N4000 CPU @ 1.10GHz, 2 cores, 3G,  Windows 10 , 64 bit Build 15063 (10.0.15063.296)
Time: Thu Nov  2 12:45:32 2023 Afr. centrale Ouest elapsed time: 6.385097 seconds (0d 0h 0m 6s)

---------------  T H R E A D  ---------------

Current thread (0x0000014b72ea65b0):  JavaThread "main" [_thread_in_vm, id=7148, stack(0x0000000ad2400000,0x0000000ad2500000)]

Stack: [0x0000000ad2400000,0x0000000ad2500000]
Native frames: (J=compiled Java code, j=interpreted, Vv=VM code, C=native code)
V  [jvm.dll+0x670baa]
V  [jvm.dll+0x7cfcb4]
V  [jvm.dll+0x7d145e]
V  [jvm.dll+0x7d1ac3]
V  [jvm.dll+0x242bc5]
V  [jvm.dll+0x7cbc5b]
V  [jvm.dll+0x616966]
V  [jvm.dll+0x1be3ee]
V  [jvm.dll+0x6192a1]
V  [jvm.dll+0x617306]
V  [jvm.dll+0x2385a0]
V  [jvm.dll+0x1e880d]
V  [jvm.dll+0x1de251]
V  [jvm.dll+0x537c30]
V  [jvm.dll+0x74ad28]
V  [jvm.dll+0x74ae14]
V  [jvm.dll+0x408cc5]
V  [jvm.dll+0x40ed18]
C  [java.dll+0x17ec]

Java frames: (J=compiled Java code, j=interpreted, Vv=VM code)
J 1172  java.lang.ClassLoader.defineClass1(Ljava/lang/ClassLoader;Ljava/lang/String;[BIILjava/security/ProtectionDomain;Ljava/lang/String;)Ljava/lang/Class; java.base@17.0.2 (0 bytes) @ 0x0000014b7aa364e3 [0x0000014b7aa36420+0x00000000000000c3]
J 1225 c1 java.lang.ClassLoader.defineClass(Ljava/lang/String;[BIILjava/security/ProtectionDomain;)Ljava/lang/Class; java.base@17.0.2 (43 bytes) @ 0x0000014b7aa4f0dc [0x0000014b7aa4efe0+0x00000000000000fc]
J 1215 c1 jdk.internal.loader.BuiltinClassLoader.defineClass(Ljava/lang/String;Ljdk/internal/loader/Resource;)Ljava/lang/Class; java.base@17.0.2 (121 bytes) @ 0x0000014b7aa4a164 [0x0000014b7aa49ca0+0x00000000000004c4]
J 1195 c1 jdk.internal.loader.BuiltinClassLoader.findClassOnClassPathOrNull(Ljava/lang/String;)Ljava/lang/Class; java.base@17.0.2 (64 bytes) @ 0x0000014b7aa3f534 [0x0000014b7aa3f280+0x00000000000002b4]
J 897 c1 jdk.internal.loader.BuiltinClassLoader.loadClassOrNull(Ljava/lang/String;Z)Ljava/lang/Class; java.base@17.0.2 (143 bytes) @ 0x0000014b7a9c1edc [0x0000014b7a9c1a80+0x000000000000045c]
J 1100 c1 jdk.internal.loader.ClassLoaders$AppClassLoader.loadClass(Ljava/lang/String;Z)Ljava/lang/Class; java.base@17.0.2 (40 bytes) @ 0x0000014b7aa1ba24 [0x0000014b7aa1b8e0+0x0000000000000144]
J 1097 c1 java.lang.ClassLoader.loadClass(Ljava/lang/String;)Ljava/lang/Class; java.base@17.0.2 (7 bytes) @ 0x0000014b7aa1ae64 [0x0000014b7aa1ae20+0x0000000000000044]
v  ~StubRoutines::call_stub
j  java.lang.Class.getDeclaredMethods0(Z)[Ljava/lang/reflect/Method;+0 java.base@17.0.2
J 1080 c1 java.lang.Class.privateGetDeclaredMethods(Z)[Ljava/lang/reflect/Method; java.base@17.0.2 (64 bytes) @ 0x0000014b7aa1689c [0x0000014b7aa16800+0x000000000000009c]
j  java.lang.Class.privateGetPublicMethods()[Ljava/lang/reflect/Method;+30 java.base@17.0.2
j  java.lang.Class.getMethods()[Ljava/lang/reflect/Method;+19 java.base@17.0.2
j  org.springframework.beans.PropertyDescriptorUtils.determineBasicProperties(Ljava/lang/Class;)Ljava/util/Collection;+9
j  org.springframework.beans.SimpleBeanInfoFactory.getBeanInfo(Ljava/lang/Class;)Ljava/beans/BeanInfo;+1
j  org.springframework.beans.CachedIntrospectionResults.getBeanInfo(Ljava/lang/Class;)Ljava/beans/BeanInfo;+49
j  org.springframework.beans.CachedIntrospectionResults.<init>(Ljava/lang/Class;)V+34
j  org.springframework.beans.CachedIntrospectionResults.forClass(Ljava/lang/Class;)Lorg/springframework/beans/CachedIntrospectionResults;+43
j  org.springframework.beans.BeanWrapperImpl.getCachedIntrospectionResults()Lorg/springframework/beans/CachedIntrospectionResults;+12
j  org.springframework.beans.BeanWrapperImpl.getLocalPropertyHandler(Ljava/lang/String;)Lorg/springframework/beans/BeanWrapperImpl$BeanPropertyHandler;+1
j  org.springframework.beans.BeanWrapperImpl.getLocalPropertyHandler(Ljava/lang/String;)Lorg/springframework/beans/AbstractNestablePropertyAccessor$PropertyHandler;+2
j  org.springframework.beans.AbstractNestablePropertyAccessor.getPropertyHandler(Ljava/lang/String;)Lorg/springframework/beans/AbstractNestablePropertyAccessor$PropertyHandler;+20
j  org.springframework.beans.AbstractNestablePropertyAccessor.isWritableProperty(Ljava/lang/String;)Z+2
j  org.springframework.beans.factory.support.AbstractAutowireCapableBeanFactory.applyPropertyValues(Ljava/lang/String;Lorg/springframework/beans/factory/config/BeanDefinition;Lorg/springframework/beans/BeanWrapper;Lorg/springframework/beans/PropertyValues;)V+286
j  org.springframework.beans.factory.support.AbstractAutowireCapableBeanFactory.populateBean(Ljava/lang/String;Lorg/springframework/beans/factory/support/RootBeanDefinition;Lorg/springframework/beans/BeanWrapper;)V+351
j  org.springframework.beans.factory.support.AbstractAutowireCapableBeanFactory.doCreateBean(Ljava/lang/String;Lorg/springframework/beans/factory/support/RootBeanDefinition;[Ljava/lang/Object;)Ljava/lang/Object;+220
j  org.springframework.beans.factory.support.AbstractAutowireCapableBeanFactory.createBean(Ljava/lang/String;Lorg/springframework/beans/factory/support/RootBeanDefinition;[Ljava/lang/Object;)Ljava/lang/Object;+153
j  org.springframework.beans.factory.support.AbstractBeanFactory.lambda$doGetBean$0(Ljava/lang/String;Lorg/springframework/beans/factory/support/RootBeanDefinition;[Ljava/lang/Object;)Ljava/lang/Object;+4
j  org.springframework.beans.factory.support.AbstractBeanFactory$$Lambda$344+0x0000000800e05838.getObject()Ljava/lang/Object;+16
j  org.springframework.beans.factory.support.DefaultSingletonBeanRegistry.getSingleton(Ljava/lang/String;Lorg/springframework/beans/factory/ObjectFactory;)Ljava/lang/Object;+114
j  org.springframework.beans.factory.support.AbstractBeanFactory.doGetBean(Ljava/lang/String;Ljava/lang/Class;[Ljava/lang/Object;Z)Ljava/lang/Object;+429
j  org.springframework.beans.factory.support.AbstractBeanFactory.getBean(Ljava/lang/String;Ljava/lang/Class;)Ljava/lang/Object;+5
j  org.springframework.context.support.PostProcessorRegistrationDelegate.invokeBeanFactoryPostProcessors(Lorg/springframework/beans/factory/config/ConfigurableListableBeanFactory;Ljava/util/List;)V+184
j  org.springframework.context.support.AbstractApplicationContext.invokeBeanFactoryPostProcessors(Lorg/springframework/beans/factory/config/ConfigurableListableBeanFactory;)V+5
j  org.springframework.context.support.AbstractApplicationContext.refresh()V+53
j  org.springframework.boot.web.servlet.context.ServletWebServerApplicationContext.refresh()V+1
j  org.springframework.boot.SpringApplication.refresh(Lorg/springframework/context/ConfigurableApplicationContext;)V+1
j  org.springframework.boot.SpringApplication.refreshContext(Lorg/springframework/context/ConfigurableApplicationContext;)V+16
j  org.springframework.boot.SpringApplication.run([Ljava/lang/String;)Lorg/springframework/context/ConfigurableApplicationContext;+114
j  org.springframework.boot.SpringApplication.run([Ljava/lang/Class;[Ljava/lang/String;)Lorg/springframework/context/ConfigurableApplicationContext;+9
j  org.springframework.boot.SpringApplication.run(Ljava/lang/Class;[Ljava/lang/String;)Lorg/springframework/context/ConfigurableApplicationContext;+9
j  esprit.tn.springp.SpringPApplication.main([Ljava/lang/String;)V+3
v  ~StubRoutines::call_stub

---------------  P R O C E S S  ---------------

Threads class SMR info:
_java_thread_list=0x0000014b032613e0, length=18, elements={
0x0000014b72ea65b0, 0x0000014b72f49c00, 0x0000014b72f4ca90, 0x0000014b72f5a7b0,
0x0000014b72f5b620, 0x0000014b72f5f3f0, 0x0000014b72f5fda0, 0x0000014b72f60750,
0x0000014b72f61140, 0x0000014b7fba8300, 0x0000014b7fedee30, 0x0000014b7fedf300,
0x0000014b02bdf010, 0x0000014b02bee020, 0x0000014b02cfee50, 0x0000014b02ef12c0,
0x0000014b030f1040, 0x0000014b032254a0
}

Java Threads: ( => current thread )
=>0x0000014b72ea65b0 JavaThread "main" [_thread_in_vm, id=7148, stack(0x0000000ad2400000,0x0000000ad2500000)]
  0x0000014b72f49c00 JavaThread "Reference Handler" daemon [_thread_blocked, id=7312, stack(0x0000000ad2b00000,0x0000000ad2c00000)]
  0x0000014b72f4ca90 JavaThread "Finalizer" daemon [_thread_blocked, id=1488, stack(0x0000000ad2c00000,0x0000000ad2d00000)]
  0x0000014b72f5a7b0 JavaThread "Signal Dispatcher" daemon [_thread_blocked, id=908, stack(0x0000000ad2e00000,0x0000000ad2f00000)]
  0x0000014b72f5b620 JavaThread "Attach Listener" daemon [_thread_blocked, id=1480, stack(0x0000000ad2f00000,0x0000000ad3000000)]
  0x0000014b72f5f3f0 JavaThread "Service Thread" daemon [_thread_blocked, id=5552, stack(0x0000000ad3000000,0x0000000ad3100000)]
  0x0000014b72f5fda0 JavaThread "Monitor Deflation Thread" daemon [_thread_blocked, id=4356, stack(0x0000000ad3100000,0x0000000ad3200000)]
  0x0000014b72f60750 JavaThread "C1 CompilerThread0" daemon [_thread_blocked, id=7164, stack(0x0000000ad3200000,0x0000000ad3300000)]
  0x0000014b72f61140 JavaThread "Sweeper thread" daemon [_thread_blocked, id=1672, stack(0x0000000ad3300000,0x0000000ad3400000)]
  0x0000014b7fba8300 JavaThread "Common-Cleaner" daemon [_thread_blocked, id=6604, stack(0x0000000ad3500000,0x0000000ad3600000)]
  0x0000014b7fedee30 JavaThread "Monitor Ctrl-Break" daemon [_thread_in_native, id=4708, stack(0x0000000ad3600000,0x0000000ad3700000)]
  0x0000014b7fedf300 JavaThread "Notification Thread" daemon [_thread_blocked, id=5504, stack(0x0000000ad3700000,0x0000000ad3800000)]
  0x0000014b02bdf010 JavaThread "C1 CompilerThread1" daemon [_thread_blocked, id=7144, stack(0x0000000ad3900000,0x0000000ad3a00000)]
  0x0000014b02bee020 JavaThread "RMI TCP Accept-0" daemon [_thread_in_native, id=1156, stack(0x0000000ad3a00000,0x0000000ad3b00000)]
  0x0000014b02cfee50 JavaThread "RMI TCP Connection(1)-192.168.1.23" daemon [_thread_in_native, id=6184, stack(0x0000000ad4100000,0x0000000ad4200000)]
  0x0000014b02ef12c0 JavaThread "RMI Scheduler(0)" daemon [_thread_blocked, id=5556, stack(0x0000000ad4200000,0x0000000ad4300000)]
  0x0000014b030f1040 JavaThread "background-preinit" [_thread_in_vm, id=5964, stack(0x0000000ad4500000,0x0000000ad4600000)]
  0x0000014b032254a0 JavaThread "JMX server connection timeout 23" daemon [_thread_in_vm, id=5248, stack(0x0000000ad4700000,0x0000000ad4800000)]

Other Threads:
  0x0000014b72f44430 VMThread "VM Thread" [stack: 0x0000000ad2a00000,0x0000000ad2b00000] [id=2260]
  0x0000014b72ea7370 WatcherThread [stack: 0x0000000ad3b00000,0x0000000ad3c00000] [id=8120]
  0x0000014b72ed1fc0 GCTaskThread "GC Thread#0" [stack: 0x0000000ad2500000,0x0000000ad2600000] [id=3004]
  0x0000014b7ff0ecf0 GCTaskThread "GC Thread#1" [stack: 0x0000000ad3800000,0x0000000ad3900000] [id=4288]
  0x0000014b72edb990 ConcurrentGCThread "G1 Main Marker" [stack: 0x0000000ad2600000,0x0000000ad2700000] [id=3728]
  0x0000014b72edd3b0 ConcurrentGCThread "G1 Conc#0" [stack: 0x0000000ad2700000,0x0000000ad2800000] [id=5428]
  0x0000014b72f0f350 ConcurrentGCThread "G1 Refine#0" [stack: 0x0000000ad2800000,0x0000000ad2900000] [id=7664]
  0x0000014b72f0fd70 ConcurrentGCThread "G1 Service" [stack: 0x0000000ad2900000,0x0000000ad2a00000] [id=7568]

Threads with active compile tasks:

VM state: not at safepoint (normal execution)

VM Mutex/Monitor currently owned by a thread:  ([mutex/lock_event])
[0x0000014b72e9f6e0] Metaspace_lock - owner thread: 0x0000014b72ea65b0

Heap address: 0x00000000c2c00000, size: 980 MB, Compressed Oops mode: 32-bit

CDS archive(s) mapped at: [0x0000000800000000-0x0000000800bc0000-0x0000000800bc0000), size 12320768, SharedBaseAddress: 0x0000000800000000, ArchiveRelocationMode: 0.
Compressed class space mapped at: 0x0000000800c00000-0x0000000840c00000, reserved size: 1073741824
Narrow klass base: 0x0000000800000000, Narrow klass shift: 0, Narrow klass range: 0x100000000

GC Precious Log:
 CPUs: 2 total, 2 available
 Memory: 3919M
 Large Page Support: Disabled
 NUMA Support: Disabled
 Compressed Oops: Enabled (32-bit)
 Heap Region Size: 1M
 Heap Min Capacity: 8M
 Heap Initial Capacity: 62M
 Heap Max Capacity: 980M
 Pre-touch: Disabled
 Parallel Workers: 2
 Concurrent Workers: 1
 Concurrent Refinement Workers: 2
 Periodic GC: Disabled

Heap:
 garbage-first heap   total 63488K, used 15297K [0x00000000c2c00000, 0x0000000100000000)
  region size 1024K, 11 young (11264K), 4 survivors (4096K)
 Metaspace       used 15202K, committed 15424K, reserved 1064960K
  class space    used 1999K, committed 2112K, reserved 1048576K

Heap Regions: E=young(eden), S=young(survivor), O=old, HS=humongous(starts), HC=humongous(continues), CS=collection set, F=free, OA=open archive, CA=closed archive, TAMS=top-at-mark-start (previous, next)
|   0|0x00000000c2c00000, 0x00000000c2d00000, 0x00000000c2d00000|100%|HS|  |TAMS 0x00000000c2c00000, 0x00000000c2c00000| Complete 
|   1|0x00000000c2d00000, 0x00000000c2e00000, 0x00000000c2e00000|100%| O|  |TAMS 0x00000000c2d00000, 0x00000000c2d00000| Untracked 
|   2|0x00000000c2e00000, 0x00000000c2f00000, 0x00000000c2f00000|100%| O|  |TAMS 0x00000000c2e00000, 0x00000000c2e00000| Untracked 
|   3|0x00000000c2f00000, 0x00000000c3000000, 0x00000000c3000000|100%| O|  |TAMS 0x00000000c2f00000, 0x00000000c2f00000| Untracked 
|   4|0x00000000c3000000, 0x00000000c3100000, 0x00000000c3100000|100%| O|  |TAMS 0x00000000c3000000, 0x00000000c3000000| Untracked 
|   5|0x00000000c3100000, 0x00000000c311a000, 0x00000000c3200000| 10%| O|  |TAMS 0x00000000c3100000, 0x00000000c3100000| Untracked 
|   6|0x00000000c3200000, 0x00000000c3200000, 0x00000000c3300000|  0%| F|  |TAMS 0x00000000c3200000, 0x00000000c3200000| Untracked 
|   7|0x00000000c3300000, 0x00000000c3300000, 0x00000000c3400000|  0%| F|  |TAMS 0x00000000c3300000, 0x00000000c3300000| Untracked 
|   8|0x00000000c3400000, 0x00000000c3400000, 0x00000000c3500000|  0%| F|  |TAMS 0x00000000c3400000, 0x00000000c3400000| Untracked 
|   9|0x00000000c3500000, 0x00000000c3500000, 0x00000000c3600000|  0%| F|  |TAMS 0x00000000c3500000, 0x00000000c3500000| Untracked 
|  10|0x00000000c3600000, 0x00000000c3600000, 0x00000000c3700000|  0%| F|  |TAMS 0x00000000c3600000, 0x00000000c3600000| Untracked 
|  11|0x00000000c3700000, 0x00000000c3700000, 0x00000000c3800000|  0%| F|  |TAMS 0x00000000c3700000, 0x00000000c3700000| Untracked 
|  12|0x00000000c3800000, 0x00000000c3800000, 0x00000000c3900000|  0%| F|  |TAMS 0x00000000c3800000, 0x00000000c3800000| Untracked 
|  13|0x00000000c3900000, 0x00000000c3900000, 0x00000000c3a00000|  0%| F|  |TAMS 0x00000000c3900000, 0x00000000c3900000| Untracked 
|  14|0x00000000c3a00000, 0x00000000c3a00000, 0x00000000c3b00000|  0%| F|  |TAMS 0x00000000c3a00000, 0x00000000c3a00000| Untracked 
|  15|0x00000000c3b00000, 0x00000000c3b00000, 0x00000000c3c00000|  0%| F|  |TAMS 0x00000000c3b00000, 0x00000000c3b00000| Untracked 
|  16|0x00000000c3c00000, 0x00000000c3c00000, 0x00000000c3d00000|  0%| F|  |TAMS 0x00000000c3c00000, 0x00000000c3c00000| Untracked 
|  17|0x00000000c3d00000, 0x00000000c3d00000, 0x00000000c3e00000|  0%| F|  |TAMS 0x00000000c3d00000, 0x00000000c3d00000| Untracked 
|  18|0x00000000c3e00000, 0x00000000c3e00000, 0x00000000c3f00000|  0%| F|  |TAMS 0x00000000c3e00000, 0x00000000c3e00000| Untracked 
|  19|0x00000000c3f00000, 0x00000000c3f00000, 0x00000000c4000000|  0%| F|  |TAMS 0x00000000c3f00000, 0x00000000c3f00000| Untracked 
|  20|0x00000000c4000000, 0x00000000c4000000, 0x00000000c4100000|  0%| F|  |TAMS 0x00000000c4000000, 0x00000000c4000000| Untracked 
|  21|0x00000000c4100000, 0x00000000c4100000, 0x00000000c4200000|  0%| F|  |TAMS 0x00000000c4100000, 0x00000000c4100000| Untracked 
|  22|0x00000000c4200000, 0x00000000c4200000, 0x00000000c4300000|  0%| F|  |TAMS 0x00000000c4200000, 0x00000000c4200000| Untracked 
|  23|0x00000000c4300000, 0x00000000c4300000, 0x00000000c4400000|  0%| F|  |TAMS 0x00000000c4300000, 0x00000000c4300000| Untracked 
|  24|0x00000000c4400000, 0x00000000c4400000, 0x00000000c4500000|  0%| F|  |TAMS 0x00000000c4400000, 0x00000000c4400000| Untracked 
|  25|0x00000000c4500000, 0x00000000c4500000, 0x00000000c4600000|  0%| F|  |TAMS 0x00000000c4500000, 0x00000000c4500000| Untracked 
|  26|0x00000000c4600000, 0x00000000c4600000, 0x00000000c4700000|  0%| F|  |TAMS 0x00000000c4600000, 0x00000000c4600000| Untracked 
|  27|0x00000000c4700000, 0x00000000c47d6718, 0x00000000c4800000| 83%| S|CS|TAMS 0x00000000c4700000, 0x00000000c4700000| Complete 
|  28|0x00000000c4800000, 0x00000000c4900000, 0x00000000c4900000|100%| S|CS|TAMS 0x00000000c4800000, 0x00000000c4800000| Complete 
|  29|0x00000000c4900000, 0x00000000c4a00000, 0x00000000c4a00000|100%| S|CS|TAMS 0x00000000c4900000, 0x00000000c4900000| Complete 
|  30|0x00000000c4a00000, 0x00000000c4b00000, 0x00000000c4b00000|100%| S|CS|TAMS 0x00000000c4a00000, 0x00000000c4a00000| Complete 
|  31|0x00000000c4b00000, 0x00000000c4b00000, 0x00000000c4c00000|  0%| F|  |TAMS 0x00000000c4b00000, 0x00000000c4b00000| Untracked 
|  32|0x00000000c4c00000, 0x00000000c4c00000, 0x00000000c4d00000|  0%| F|  |TAMS 0x00000000c4c00000, 0x00000000c4c00000| Untracked 
|  33|0x00000000c4d00000, 0x00000000c4d00000, 0x00000000c4e00000|  0%| F|  |TAMS 0x00000000c4d00000, 0x00000000c4d00000| Untracked 
|  34|0x00000000c4e00000, 0x00000000c4e00000, 0x00000000c4f00000|  0%| F|  |TAMS 0x00000000c4e00000, 0x00000000c4e00000| Untracked 
|  35|0x00000000c4f00000, 0x00000000c4f00000, 0x00000000c5000000|  0%| F|  |TAMS 0x00000000c4f00000, 0x00000000c4f00000| Untracked 
|  36|0x00000000c5000000, 0x00000000c5000000, 0x00000000c5100000|  0%| F|  |TAMS 0x00000000c5000000, 0x00000000c5000000| Untracked 
|  37|0x00000000c5100000, 0x00000000c5100000, 0x00000000c5200000|  0%| F|  |TAMS 0x00000000c5100000, 0x00000000c5100000| Untracked 
|  38|0x00000000c5200000, 0x00000000c5200000, 0x00000000c5300000|  0%| F|  |TAMS 0x00000000c5200000, 0x00000000c5200000| Untracked 
|  39|0x00000000c5300000, 0x00000000c5300000, 0x00000000c5400000|  0%| F|  |TAMS 0x00000000c5300000, 0x00000000c5300000| Untracked 
|  40|0x00000000c5400000, 0x00000000c5400000, 0x00000000c5500000|  0%| F|  |TAMS 0x00000000c5400000, 0x00000000c5400000| Untracked 
|  41|0x00000000c5500000, 0x00000000c5500000, 0x00000000c5600000|  0%| F|  |TAMS 0x00000000c5500000, 0x00000000c5500000| Untracked 
|  42|0x00000000c5600000, 0x00000000c5600000, 0x00000000c5700000|  0%| F|  |TAMS 0x00000000c5600000, 0x00000000c5600000| Untracked 
|  43|0x00000000c5700000, 0x00000000c5700000, 0x00000000c5800000|  0%| F|  |TAMS 0x00000000c5700000, 0x00000000c5700000| Untracked 
|  44|0x00000000c5800000, 0x00000000c5800000, 0x00000000c5900000|  0%| F|  |TAMS 0x00000000c5800000, 0x00000000c5800000| Untracked 
|  45|0x00000000c5900000, 0x00000000c5900000, 0x00000000c5a00000|  0%| F|  |TAMS 0x00000000c5900000, 0x00000000c5900000| Untracked 
|  46|0x00000000c5a00000, 0x00000000c5a00000, 0x00000000c5b00000|  0%| F|  |TAMS 0x00000000c5a00000, 0x00000000c5a00000| Untracked 
|  47|0x00000000c5b00000, 0x00000000c5b00000, 0x00000000c5c00000|  0%| F|  |TAMS 0x00000000c5b00000, 0x00000000c5b00000| Untracked 
|  48|0x00000000c5c00000, 0x00000000c5c00000, 0x00000000c5d00000|  0%| F|  |TAMS 0x00000000c5c00000, 0x00000000c5c00000| Untracked 
|  49|0x00000000c5d00000, 0x00000000c5d00000, 0x00000000c5e00000|  0%| F|  |TAMS 0x00000000c5d00000, 0x00000000c5d00000| Untracked 
|  50|0x00000000c5e00000, 0x00000000c5e00000, 0x00000000c5f00000|  0%| F|  |TAMS 0x00000000c5e00000, 0x00000000c5e00000| Untracked 
|  51|0x00000000c5f00000, 0x00000000c5f00000, 0x00000000c6000000|  0%| F|  |TAMS 0x00000000c5f00000, 0x00000000c5f00000| Untracked 
|  52|0x00000000c6000000, 0x00000000c6000000, 0x00000000c6100000|  0%| F|  |TAMS 0x00000000c6000000, 0x00000000c6000000| Untracked 
|  53|0x00000000c6100000, 0x00000000c6100000, 0x00000000c6200000|  0%| F|  |TAMS 0x00000000c6100000, 0x00000000c6100000| Untracked 
|  54|0x00000000c6200000, 0x00000000c6200000, 0x00000000c6300000|  0%| F|  |TAMS 0x00000000c6200000, 0x00000000c6200000| Untracked 
|  55|0x00000000c6300000, 0x00000000c63c9da8, 0x00000000c6400000| 78%| E|  |TAMS 0x00000000c6300000, 0x00000000c6300000| Complete 
|  56|0x00000000c6400000, 0x00000000c6500000, 0x00000000c6500000|100%| E|CS|TAMS 0x00000000c6400000, 0x00000000c6400000| Complete 
|  57|0x00000000c6500000, 0x00000000c6600000, 0x00000000c6600000|100%| E|CS|TAMS 0x00000000c6500000, 0x00000000c6500000| Complete 
|  58|0x00000000c6600000, 0x00000000c6700000, 0x00000000c6700000|100%| E|CS|TAMS 0x00000000c6600000, 0x00000000c6600000| Complete 
|  59|0x00000000c6700000, 0x00000000c6800000, 0x00000000c6800000|100%| E|CS|TAMS 0x00000000c6700000, 0x00000000c6700000| Complete 
|  60|0x00000000c6800000, 0x00000000c6900000, 0x00000000c6900000|100%| E|CS|TAMS 0x00000000c6800000, 0x00000000c6800000| Complete 
|  61|0x00000000c6900000, 0x00000000c6a00000, 0x00000000c6a00000|100%| E|CS|TAMS 0x00000000c6900000, 0x00000000c6900000| Complete 

Card table byte_map: [0x0000014b72ae0000,0x0000014b72cd0000] _byte_map_base: 0x0000014b724ca000

Marking Bits (Prev, Next): (CMBitMap*) 0x0000014b72ed35e0, (CMBitMap*) 0x0000014b72ed3620
 Prev Bits: [0x0000014b7d8e0000, 0x0000014b7e830000)
 Next Bits: [0x0000014b7e830000, 0x0000014b7f780000)

Polling page: 0x0000014b71030000

Metaspace:

Usage:
  Non-class:     12.89 MB used.
      Class:      1.95 MB used.
       Both:     14.85 MB used.

Virtual space:
  Non-class space:       16.00 MB reserved,      13.00 MB ( 81%) committed,  2 nodes.
      Class space:        1.00 GB reserved,       2.06 MB ( <1%) committed,  1 nodes.
             Both:        1.02 GB reserved,      15.06 MB (  1%) committed. 

Chunk freelists:
   Non-Class:  2.98 MB
       Class:  1.91 MB
        Both:  4.89 MB

MaxMetaspaceSize: unlimited
CompressedClassSpaceSize: 1.00 GB
Initial GC threshold: 21.00 MB
Current GC threshold: 21.00 MB
CDS: on
MetaspaceReclaimPolicy: balanced
 - commit_granule_bytes: 65536.
 - commit_granule_words: 8192.
 - virtual_space_node_default_size: 1048576.
 - enlarge_chunks_in_place: 1.
 - new_chunks_are_fully_committed: 0.
 - uncommit_free_chunks: 1.
 - use_allocation_guard: 0.
 - handle_deallocations: 1.


Internal statistics:

num_allocs_failed_limit: 0.
num_arena_births: 286.
num_arena_deaths: 0.
num_vsnodes_births: 3.
num_vsnodes_deaths: 0.
num_space_committed: 241.
num_space_uncommitted: 0.
num_chunks_returned_to_freelist: 0.
num_chunks_taken_from_freelist: 712.
num_chunk_merges: 0.
num_chunk_splits: 477.
num_chunks_enlarged: 338.
num_purges: 0.
num_inconsistent_stats: 0.

CodeCache: size=49152Kb used=4618Kb max_used=4618Kb free=44533Kb
 bounds [0x0000014b7a6f0000, 0x0000014b7ab80000, 0x0000014b7d6f0000]
 total_blobs=2449 nmethods=1952 adapters=424
 compilation: disabled (not enough contiguous free space left)
              stopped_count=1, restarted_count=0
 full_count=1

Compilation events (20 events):
Event: 5.995 Thread 0x0000014b02bdf010 1944       1       java.lang.reflect.Method::getSharedExceptionTypes (5 bytes)
Event: 5.995 Thread 0x0000014b02bdf010 nmethod 1944 0x0000014b7ab6cf90 code [0x0000014b7ab6d120, 0x0000014b7ab6d1f8]
Event: 5.995 Thread 0x0000014b72f60750 1945       1       java.lang.reflect.Proxy$ProxyBuilder::addElementTypes (33 bytes)
Event: 5.995 Thread 0x0000014b72f60750 nmethod 1945 0x0000014b7ab6d290 code [0x0000014b7ab6d440, 0x0000014b7ab6d628]
Event: 5.998 Thread 0x0000014b72f60750 1946       1       java.util.ArrayList::contains (14 bytes)
Event: 5.998 Thread 0x0000014b72f60750 nmethod 1946 0x0000014b7ab6db10 code [0x0000014b7ab6dca0, 0x0000014b7ab6dda8]
Event: 5.998 Thread 0x0000014b72f60750 1947       1       java.util.regex.Pattern::isSupplementary (21 bytes)
Event: 5.998 Thread 0x0000014b72f60750 nmethod 1947 0x0000014b7ab6de90 code [0x0000014b7ab6e020, 0x0000014b7ab6e118]
Event: 5.998 Thread 0x0000014b02bdf010 1948       1       java.lang.Character::isSurrogate (18 bytes)
Event: 5.998 Thread 0x0000014b02bdf010 nmethod 1948 0x0000014b7ab6e190 code [0x0000014b7ab6e320, 0x0000014b7ab6e3f8]
Event: 5.998 Thread 0x0000014b02bdf010 1949       1       java.util.regex.Pattern::peek (26 bytes)
Event: 5.999 Thread 0x0000014b02bdf010 nmethod 1949 0x0000014b7ab6e490 code [0x0000014b7ab6e620, 0x0000014b7ab6e768]
Event: 5.999 Thread 0x0000014b02bdf010 1950       1       java.util.ArrayList::indexOf (11 bytes)
Event: 5.999 Thread 0x0000014b02bdf010 nmethod 1950 0x0000014b7ab6ee90 code [0x0000014b7ab6f020, 0x0000014b7ab6f108]
Event: 5.999 Thread 0x0000014b72f60750 1951       1       java.util.ArrayList::indexOfRange (71 bytes)
Event: 6.000 Thread 0x0000014b72f60750 nmethod 1951 0x0000014b7ab6f190 code [0x0000014b7ab6f340, 0x0000014b7ab6f588]
Event: 6.011 Thread 0x0000014b72f60750 1952   !   1       java.lang.ref.ReferenceQueue::remove (125 bytes)
Event: 6.011 Thread 0x0000014b02bdf010 1953   !   1       jdk.internal.ref.PhantomCleanable::isListEmpty (34 bytes)
Event: 6.012 Thread 0x0000014b02bdf010 nmethod 1953 0x0000014b7ab6f710 code [0x0000014b7ab6f8a0, 0x0000014b7ab6fa58]
Event: 6.029 Thread 0x0000014b72f60750 


GC Heap History (8 events):
Event: 3.730 GC heap before
{Heap before GC invocations=0 (full 0):
 garbage-first heap   total 63488K, used 6144K [0x00000000c2c00000, 0x0000000100000000)
  region size 1024K, 6 young (6144K), 0 survivors (0K)
 Metaspace       used 1227K, committed 1408K, reserved 1056768K
  class space    used 120K, committed 192K, reserved 1048576K
}
Event: 3.740 GC heap after
{Heap after GC invocations=1 (full 0):
 garbage-first heap   total 63488K, used 4982K [0x00000000c2c00000, 0x0000000100000000)
  region size 1024K, 1 young (1024K), 1 survivors (1024K)
 Metaspace       used 1227K, committed 1408K, reserved 1056768K
  class space    used 120K, committed 192K, reserved 1048576K
}
Event: 4.130 GC heap before
{Heap before GC invocations=1 (full 0):
 garbage-first heap   total 63488K, used 8054K [0x00000000c2c00000, 0x0000000100000000)
  region size 1024K, 4 young (4096K), 1 survivors (1024K)
 Metaspace       used 3980K, committed 4096K, reserved 1056768K
  class space    used 491K, committed 512K, reserved 1048576K
}
Event: 4.134 GC heap after
{Heap after GC invocations=2 (full 0):
 garbage-first heap   total 63488K, used 5863K [0x00000000c2c00000, 0x0000000100000000)
  region size 1024K, 1 young (1024K), 1 survivors (1024K)
 Metaspace       used 3980K, committed 4096K, reserved 1056768K
  class space    used 491K, committed 512K, reserved 1048576K
}
Event: 4.788 GC heap before
{Heap before GC invocations=2 (full 0):
 garbage-first heap   total 63488K, used 14055K [0x00000000c2c00000, 0x0000000100000000)
  region size 1024K, 9 young (9216K), 1 survivors (1024K)
 Metaspace       used 6911K, committed 7168K, reserved 1056768K
  class space    used 873K, committed 960K, reserved 1048576K
}
Event: 4.800 GC heap after
{Heap after GC invocations=3 (full 0):
 garbage-first heap   total 63488K, used 7272K [0x00000000c2c00000, 0x0000000100000000)
  region size 1024K, 2 young (2048K), 2 survivors (2048K)
 Metaspace       used 6911K, committed 7168K, reserved 1056768K
  class space    used 873K, committed 960K, reserved 1048576K
}
Event: 6.000 GC heap before
{Heap before GC invocations=3 (full 0):
 garbage-first heap   total 63488K, used 36968K [0x00000000c2c00000, 0x0000000100000000)
  region size 1024K, 31 young (31744K), 2 survivors (2048K)
 Metaspace       used 13734K, committed 13952K, reserved 1064960K
  class space    used 1823K, committed 1920K, reserved 1048576K
}
Event: 6.011 GC heap after
{Heap after GC invocations=4 (full 0):
 garbage-first heap   total 63488K, used 9153K [0x00000000c2c00000, 0x0000000100000000)
  region size 1024K, 4 young (4096K), 4 survivors (4096K)
 Metaspace       used 13734K, committed 13952K, reserved 1064960K
  class space    used 1823K, committed 1920K, reserved 1048576K
}

Deoptimization events (6 events):
Event: 3.556 Thread 0x0000014b72ea65b0 DEOPT PACKING pc=0x0000014b7a862385 sp=0x0000000ad24fe090
Event: 3.556 Thread 0x0000014b72ea65b0 DEOPT UNPACKING pc=0x0000014b7a742b24 sp=0x0000000ad24fd5f0 mode 3
Event: 4.839 Thread 0x0000014b72ea65b0 DEOPT PACKING pc=0x0000014b7a807bf5 sp=0x0000000ad24fd720
Event: 4.839 Thread 0x0000014b72ea65b0 DEOPT UNPACKING pc=0x0000014b7a742b24 sp=0x0000000ad24fcb78 mode 3
Event: 5.976 Thread 0x0000014b72ea65b0 DEOPT PACKING pc=0x0000014b7ab67299 sp=0x0000000ad24fd340
Event: 5.976 Thread 0x0000014b72ea65b0 DEOPT UNPACKING pc=0x0000014b7a742b24 sp=0x0000000ad24fc820 mode 3

Classes unloaded (0 events):
No events

Classes redefined (0 events):
No events

Internal exceptions (20 events):
Event: 5.381 Thread 0x0000014b72ea65b0 Exception <a 'java/lang/NoSuchMethodError'{0x00000000c5cbc678}: 'int java.lang.invoke.DirectMethodHandle$Holder.invokeVirtual(java.lang.Object, java.lang.Object)'> (0x00000000c5cbc678) 
thrown [t:\workspace\open\src\hotspot\share\interpreter\linkResolver.cpp, line 766]
Event: 5.414 Thread 0x0000014b72ea65b0 Exception <a 'java/lang/NoSuchMethodError'{0x00000000c5b831d8}: 'java.lang.Object java.lang.invoke.DirectMethodHandle$Holder.invokeSpecial(java.lang.Object, java.lang.Object, java.lang.Object, int, java.lang.Object)'> (0x00000000c5b831d8) 
thrown [t:\workspace\open\src\hotspot\share\interpreter\linkResolver.cpp, line 766]
Event: 5.415 Thread 0x0000014b72ea65b0 Exception <a 'java/lang/NoSuchMethodError'{0x00000000c5b8b740}: 'java.lang.Object java.lang.invoke.DirectMethodHandle$Holder.newInvokeSpecial(java.lang.Object, java.lang.Object, java.lang.Object, int, java.lang.Object)'> (0x00000000c5b8b740) 
thrown [t:\workspace\open\src\hotspot\share\interpreter\linkResolver.cpp, line 766]
Event: 5.415 Thread 0x0000014b72ea65b0 Exception <a 'java/lang/NoSuchMethodError'{0x00000000c5b93110}: 'java.lang.Object java.lang.invoke.Invokers$Holder.linkToTargetMethod(java.lang.Object, java.lang.Object, int, java.lang.Object, java.lang.Object)'> (0x00000000c5b93110) 
thrown [t:\workspace\open\src\hotspot\share\interpreter\linkResolver.cpp, line 766]
Event: 5.417 Thread 0x0000014b72ea65b0 Exception <a 'java/lang/NoSuchMethodError'{0x00000000c5ba1f90}: 'java.lang.Object java.lang.invoke.DirectMethodHandle$Holder.newInvokeSpecial(java.lang.Object, int, java.lang.Object)'> (0x00000000c5ba1f90) 
thrown [t:\workspace\open\src\hotspot\share\interpreter\linkResolver.cpp, line 766]
Event: 5.418 Thread 0x0000014b72ea65b0 Exception <a 'java/lang/NoSuchMethodError'{0x00000000c5ba5f60}: 'int java.lang.invoke.DirectMethodHandle$Holder.invokeSpecialIFC(java.lang.Object, java.lang.Object, java.lang.Object, java.lang.Object)'> (0x00000000c5ba5f60) 
thrown [t:\workspace\open\src\hotspot\share\interpreter\linkResolver.cpp, line 766]
Event: 5.462 Thread 0x0000014b72ea65b0 Exception <a 'java/lang/NoSuchMethodError'{0x00000000c5a6eb20}: 'void java.lang.invoke.DirectMethodHandle$Holder.invokeInterface(java.lang.Object, java.lang.Object, java.lang.Object)'> (0x00000000c5a6eb20) 
thrown [t:\workspace\open\src\hotspot\share\interpreter\linkResolver.cpp, line 766]
Event: 5.536 Thread 0x0000014b72ea65b0 Exception <a 'java/lang/NoSuchMethodError'{0x00000000c59bbfc0}: 'void java.lang.invoke.DirectMethodHandle$Holder.invokeStatic(java.lang.Object, java.lang.Object, int)'> (0x00000000c59bbfc0) 
thrown [t:\workspace\open\src\hotspot\share\interpreter\linkResolver.cpp, line 766]
Event: 5.539 Thread 0x0000014b72ea65b0 Exception <a 'java/lang/NoSuchMethodError'{0x00000000c59c3de8}: 'void java.lang.invoke.DirectMethodHandle$Holder.invokeStaticInit(java.lang.Object, java.lang.Object)'> (0x00000000c59c3de8) 
thrown [t:\workspace\open\src\hotspot\share\interpreter\linkResolver.cpp, line 766]
Event: 5.542 Thread 0x0000014b72ea65b0 Exception <a 'java/lang/NoSuchMethodError'{0x00000000c59d24e8}: 'void java.lang.invoke.DirectMethodHandle$Holder.invokeStaticInit(java.lang.Object, java.lang.Object, java.lang.Object)'> (0x00000000c59d24e8) 
thrown [t:\workspace\open\src\hotspot\share\interpreter\linkResolver.cpp, line 766]
Event: 5.548 Thread 0x0000014b72ea65b0 Exception <a 'java/lang/NoSuchMethodError'{0x00000000c580e470}: 'java.lang.Object java.lang.invoke.DirectMethodHandle$Holder.invokeStatic(java.lang.Object, java.lang.Object, long, java.lang.Object)'> (0x00000000c580e470) 
thrown [t:\workspace\open\src\hotspot\share\interpreter\linkResolver.cpp, line 766]
Event: 5.549 Thread 0x0000014b72ea65b0 Exception <a 'java/lang/NoSuchMethodError'{0x00000000c5811f08}: 'java.lang.Object java.lang.invoke.DirectMethodHandle$Holder.invokeStaticInit(java.lang.Object, java.lang.Object, long, java.lang.Object)'> (0x00000000c5811f08) 
thrown [t:\workspace\open\src\hotspot\share\interpreter\linkResolver.cpp, line 766]
Event: 5.550 Thread 0x0000014b72ea65b0 Exception <a 'java/lang/NoSuchMethodError'{0x00000000c5818518}: 'java.lang.Object java.lang.invoke.DirectMethodHandle$Holder.newInvokeSpecial(java.lang.Object, java.lang.Object, long)'> (0x00000000c5818518) 
thrown [t:\workspace\open\src\hotspot\share\interpreter\linkResolver.cpp, line 766]
Event: 5.568 Thread 0x0000014b72ea65b0 Exception <a 'java/lang/NoSuchMethodError'{0x00000000c5868580}: 'void java.lang.invoke.DirectMethodHandle$Holder.invokeVirtual(java.lang.Object, java.lang.Object, java.lang.Object, java.lang.Object)'> (0x00000000c5868580) 
thrown [t:\workspace\open\src\hotspot\share\interpreter\linkResolver.cpp, line 766]
Event: 5.633 Thread 0x0000014b72ea65b0 Exception <a 'java/lang/NoSuchMethodError'{0x00000000c57cd3f0}: 'void java.lang.invoke.DirectMethodHandle$Holder.invokeSpecial(java.lang.Object, java.lang.Object, java.lang.Object)'> (0x00000000c57cd3f0) 
thrown [t:\workspace\open\src\hotspot\share\interpreter\linkResolver.cpp, line 766]
Event: 5.634 Thread 0x0000014b72ea65b0 Exception <a 'java/lang/NoSuchMethodError'{0x00000000c57d39c8}: 'void java.lang.invoke.DirectMethodHandle$Holder.invokeSpecial(java.lang.Object, java.lang.Object, java.lang.Object, java.lang.Object, java.lang.Object)'> (0x00000000c57d39c8) 
thrown [t:\workspace\open\src\hotspot\share\interpreter\linkResolver.cpp, line 766]
Event: 5.646 Thread 0x0000014b72ea65b0 Exception <a 'java/lang/IncompatibleClassChangeError'{0x00000000c57ff9e0}: Found class java.lang.Object, but interface was expected> (0x00000000c57ff9e0) 
thrown [t:\workspace\open\src\hotspot\share\interpreter\linkResolver.cpp, line 833]
Event: 5.654 Thread 0x0000014b02cfee50 Exception <a 'java/lang/reflect/InvocationTargetException'{0x00000000c6216828}> (0x00000000c6216828) 
thrown [t:\workspace\open\src\hotspot\share\runtime\reflection.cpp, line 1121]
Event: 5.674 Thread 0x0000014b030f1040 Exception <a 'java/lang/NoClassDefFoundError'{0x00000000c56171f8}: jakarta/validation/Validation> (0x00000000c56171f8) 
thrown [t:\workspace\open\src\hotspot\share\classfile\systemDictionary.cpp, line 245]
Event: 6.182 Thread 0x0000014b02cfee50 Exception <a 'java/lang/reflect/InvocationTargetException'{0x00000000c65769a8}> (0x00000000c65769a8) 
thrown [t:\workspace\open\src\hotspot\share\runtime\reflection.cpp, line 1121]

VM Operations (20 events):
Event: 4.309 Executing VM operation: HandshakeAllThreads
Event: 4.309 Executing VM operation: HandshakeAllThreads done
Event: 4.577 Executing VM operation: HandshakeAllThreads
Event: 4.577 Executing VM operation: HandshakeAllThreads done
Event: 4.788 Executing VM operation: G1CollectForAllocation
Event: 4.800 Executing VM operation: G1CollectForAllocation done
Event: 5.025 Executing VM operation: HandshakeAllThreads
Event: 5.025 Executing VM operation: HandshakeAllThreads done
Event: 5.377 Executing VM operation: HandshakeAllThreads
Event: 5.377 Executing VM operation: HandshakeAllThreads done
Event: 5.621 Executing VM operation: HandshakeAllThreads
Event: 5.621 Executing VM operation: HandshakeAllThreads done
Event: 5.628 Executing VM operation: HandshakeAllThreads
Event: 5.628 Executing VM operation: HandshakeAllThreads done
Event: 5.628 Executing VM operation: ICBufferFull
Event: 5.629 Executing VM operation: ICBufferFull done
Event: 6.000 Executing VM operation: G1CollectForAllocation
Event: 6.011 Executing VM operation: G1CollectForAllocation done
Event: 6.103 Executing VM operation: HandshakeAllThreads
Event: 6.103 Executing VM operation: HandshakeAllThreads done

Events (20 events):
Event: 5.984 loading class java/util/concurrent/atomic/AtomicLongArray done
Event: 5.984 loading class java/lang/invoke/VarHandleLongs$Array
Event: 5.985 loading class java/lang/invoke/VarHandleLongs$Array done
Event: 5.985 loading class java/util/concurrent/atomic/AtomicReferenceArray
Event: 5.985 loading class java/util/concurrent/atomic/AtomicReferenceArray done
Event: 6.070 loading class sun/text/resources/cldr/FormatData_en
Event: 6.070 loading class sun/text/resources/cldr/FormatData_en done
Event: 6.070 loading class sun/text/resources/cldr/FormatData_en_US
Event: 6.070 loading class sun/text/resources/cldr/FormatData_en_US done
Event: 6.089 loading class java/io/CharArrayReader
Event: 6.089 loading class java/io/CharArrayReader done
Event: 6.178 Thread 0x0000014b032254a0 Thread added: 0x0000014b032254a0
Event: 6.344 loading class java/beans/IntrospectionException
Event: 6.344 loading class java/beans/IntrospectionException done
Event: 6.344 loading class java/beans/PropertyDescriptor
Event: 6.345 loading class java/beans/FeatureDescriptor
Event: 6.345 loading class java/beans/FeatureDescriptor done
Event: 6.345 loading class java/beans/PropertyDescriptor done
Event: 6.346 loading class java/beans/BeanInfo
Event: 6.356 loading class java/beans/BeanInfo done


Dynamic libraries:
0x00007ff6798b0000 - 0x00007ff6798c0000 	C:\Program Files\Java\jdk-17.0.2\bin\java.exe
0x00007ffdee880000 - 0x00007ffdeea5b000 	C:\Windows\SYSTEM32\ntdll.dll
0x00007ffdee7c0000 - 0x00007ffdee86e000 	C:\Windows\System32\KERNEL32.DLL
0x00007ffdeaf30000 - 0x00007ffdeb179000 	C:\Windows\System32\KERNELBASE.dll
0x00007ffdeb180000 - 0x00007ffdeb276000 	C:\Windows\System32\ucrtbase.dll
0x00007ffde7800000 - 0x00007ffde7818000 	C:\Program Files\Java\jdk-17.0.2\bin\jli.dll
0x00007ffdec000000 - 0x00007ffdec0a1000 	C:\Windows\System32\ADVAPI32.dll
0x00007ffdee4f0000 - 0x00007ffdee58d000 	C:\Windows\System32\msvcrt.dll
0x00007ffdec3b0000 - 0x00007ffdec409000 	C:\Windows\System32\sechost.dll
0x00007ffdec6d0000 - 0x00007ffdec7f5000 	C:\Windows\System32\RPCRT4.dll
0x00007ffdec410000 - 0x00007ffdec55a000 	C:\Windows\System32\USER32.dll
0x00007ffdeb650000 - 0x00007ffdeb66e000 	C:\Windows\System32\win32u.dll
0x00007ffdee780000 - 0x00007ffdee7a7000 	C:\Windows\System32\GDI32.dll
0x00007ffdeada0000 - 0x00007ffdeaf29000 	C:\Windows\System32\gdi32full.dll
0x00007ffdeb5b0000 - 0x00007ffdeb64a000 	C:\Windows\System32\msvcp_win.dll
0x00007ffde7c20000 - 0x00007ffde7c3a000 	C:\Program Files\Java\jdk-17.0.2\bin\VCRUNTIME140.dll
0x00007ffdd65a0000 - 0x00007ffdd6807000 	C:\Windows\WinSxS\amd64_microsoft.windows.common-controls_6595b64144ccf1df_6.0.15063.0_none_108e4f62dfe5d999\COMCTL32.dll
0x00007ffdec0b0000 - 0x00007ffdec3a9000 	C:\Windows\System32\combase.dll
0x00007ffdebd70000 - 0x00007ffdebdda000 	C:\Windows\System32\bcryptPrimitives.dll
0x00007ffde5ca0000 - 0x00007ffde5caa000 	C:\Windows\SYSTEM32\VERSION.dll
0x00007ffdec5e0000 - 0x00007ffdec60d000 	C:\Windows\System32\IMM32.DLL
0x00007ffde7bb0000 - 0x00007ffde7bbc000 	C:\Program Files\Java\jdk-17.0.2\bin\vcruntime140_1.dll
0x00007ffdcdbd0000 - 0x00007ffdcdc5d000 	C:\Program Files\Java\jdk-17.0.2\bin\msvcp140.dll
0x00007ffd9ebd0000 - 0x00007ffd9f791000 	C:\Program Files\Java\jdk-17.0.2\bin\server\jvm.dll
0x00007ffdec800000 - 0x00007ffdec808000 	C:\Windows\System32\PSAPI.DLL
0x00007ffde9320000 - 0x00007ffde9329000 	C:\Windows\SYSTEM32\WSOCK32.dll
0x00007ffdee5f0000 - 0x00007ffdee65c000 	C:\Windows\System32\WS2_32.dll
0x00007ffde92a0000 - 0x00007ffde92c3000 	C:\Windows\SYSTEM32\WINMM.dll
0x00007ffde9160000 - 0x00007ffde918b000 	C:\Windows\SYSTEM32\WINMMBASE.dll
0x00007ffdeb450000 - 0x00007ffdeb499000 	C:\Windows\System32\cfgmgr32.dll
0x00007ffdead80000 - 0x00007ffdead91000 	C:\Windows\System32\kernel.appcore.dll
0x00007ffde7430000 - 0x00007ffde743a000 	C:\Program Files\Java\jdk-17.0.2\bin\jimage.dll
0x00007ffde70d0000 - 0x00007ffde7279000 	C:\Windows\SYSTEM32\DBGHELP.DLL
0x00007ffddb4f0000 - 0x00007ffddb519000 	C:\Windows\SYSTEM32\dbgcore.DLL
0x00007ffde9300000 - 0x00007ffde930e000 	C:\Program Files\Java\jdk-17.0.2\bin\instrument.dll
0x00007ffde02c0000 - 0x00007ffde02e5000 	C:\Program Files\Java\jdk-17.0.2\bin\java.dll
0x00007ffdbda30000 - 0x00007ffdbdb06000 	C:\Program Files\Java\jdk-17.0.2\bin\jsvml.dll
0x00007ffdec960000 - 0x00007ffdedd97000 	C:\Windows\System32\SHELL32.dll
0x00007ffdebef0000 - 0x00007ffdebf9a000 	C:\Windows\System32\shcore.dll
0x00007ffdeb670000 - 0x00007ffdebd62000 	C:\Windows\System32\windows.storage.dll
0x00007ffdebfa0000 - 0x00007ffdebff1000 	C:\Windows\System32\shlwapi.dll
0x00007ffdead10000 - 0x00007ffdead5c000 	C:\Windows\System32\powrprof.dll
0x00007ffdead60000 - 0x00007ffdead75000 	C:\Windows\System32\profapi.dll
0x00007ffdd1120000 - 0x00007ffdd1138000 	C:\Program Files\Java\jdk-17.0.2\bin\zip.dll
0x00007ffddb610000 - 0x00007ffddb629000 	C:\Program Files\Java\jdk-17.0.2\bin\net.dll
0x00007ffddc810000 - 0x00007ffddc8e7000 	C:\Windows\SYSTEM32\WINHTTP.dll
0x00007ffdea5a0000 - 0x00007ffdea5fc000 	C:\Windows\system32\mswsock.dll
0x00007ffdd3400000 - 0x00007ffdd3416000 	C:\Program Files\Java\jdk-17.0.2\bin\nio.dll
0x00007ffde6260000 - 0x00007ffde627a000 	C:\Program Files\JetBrains\IntelliJ IDEA 2023.2.2\bin\breakgen64.dll
0x00007ffdea380000 - 0x00007ffdea424000 	C:\Windows\SYSTEM32\DNSAPI.dll
0x00007ffdee870000 - 0x00007ffdee878000 	C:\Windows\System32\NSI.dll
0x00007ffdea340000 - 0x00007ffdea377000 	C:\Windows\SYSTEM32\IPHLPAPI.DLL
0x00007ffddb550000 - 0x00007ffddb55a000 	C:\Windows\System32\rasadhlp.dll
0x00007ffde2e90000 - 0x00007ffde2efb000 	C:\Windows\System32\fwpuclnt.dll
0x00007ffdeabc0000 - 0x00007ffdeabe5000 	C:\Windows\SYSTEM32\bcrypt.dll
0x00007ffde6250000 - 0x00007ffde6259000 	C:\Program Files\Java\jdk-17.0.2\bin\management.dll
0x00007ffde6240000 - 0x00007ffde624b000 	C:\Program Files\Java\jdk-17.0.2\bin\management_ext.dll
0x00007ffdea740000 - 0x00007ffdea757000 	C:\Windows\SYSTEM32\CRYPTSP.dll
0x00007ffdea1c0000 - 0x00007ffdea1f4000 	C:\Windows\system32\rsaenh.dll
0x00007ffdeabf0000 - 0x00007ffdeac19000 	C:\Windows\SYSTEM32\USERENV.dll
0x00007ffdeabb0000 - 0x00007ffdeabbb000 	C:\Windows\SYSTEM32\CRYPTBASE.dll
0x00007ffde49c0000 - 0x00007ffde49d6000 	C:\Windows\SYSTEM32\dhcpcsvc6.DLL
0x00007ffde51d0000 - 0x00007ffde51ea000 	C:\Windows\SYSTEM32\dhcpcsvc.DLL
0x00007ffdda2d0000 - 0x00007ffdda2e6000 	C:\Windows\system32\napinsp.dll
0x00007ffdda2b0000 - 0x00007ffdda2ca000 	C:\Windows\system32\pnrpnsp.dll
0x00007ffde7b10000 - 0x00007ffde7b28000 	C:\Windows\system32\NLAapi.dll
0x00007ffdda2a0000 - 0x00007ffdda2ae000 	C:\Windows\System32\winrnr.dll
0x00007ffdda260000 - 0x00007ffdda275000 	C:\Windows\System32\wshbth.dll

dbghelp: loaded successfully - version: 4.0.5 - missing functions: none
symbol engine: initialized successfully - sym options: 0x614 - pdb path: .;C:\Program Files\Java\jdk-17.0.2\bin;C:\Windows\SYSTEM32;C:\Windows\WinSxS\amd64_microsoft.windows.common-controls_6595b64144ccf1df_6.0.15063.0_none_108e4f62dfe5d999;C:\Program Files\Java\jdk-17.0.2\bin\server;C:\Program Files\JetBrains\IntelliJ IDEA 2023.2.2\bin

VM Arguments:
jvm_args: -XX:TieredStopAtLevel=1 -Dspring.output.ansi.enabled=always -Dcom.sun.management.jmxremote -Dspring.jmx.enabled=true -Dspring.liveBeansView.mbeanDomain -Dspring.application.admin.enabled=true -Dmanagement.endpoints.jmx.exposure.include=* -javaagent:C:\Program Files\JetBrains\IntelliJ IDEA 2023.2.2\lib\idea_rt.jar=50517:C:\Program Files\JetBrains\IntelliJ IDEA 2023.2.2\bin -Dfile.encoding=UTF-8 
java_command: esprit.tn.springp.SpringPApplication
java_class_path (initial): C:\Users\Asus\Desktop\spring\SpringP\target\classes;C:\Users\Asus\.m2\repository\org\springframework\boot\spring-boot-starter-data-jpa\3.1.4\spring-boot-starter-data-jpa-3.1.4.jar;C:\Users\Asus\.m2\repository\org\springframework\boot\spring-boot-starter-aop\3.1.4\spring-boot-starter-aop-3.1.4.jar;C:\Users\Asus\.m2\repository\org\springframework\spring-aop\6.0.12\spring-aop-6.0.12.jar;C:\Users\Asus\.m2\repository\org\aspectj\aspectjweaver\1.9.20\aspectjweaver-1.9.20.jar;C:\Users\Asus\.m2\repository\org\springframework\boot\spring-boot-starter-jdbc\3.1.4\spring-boot-starter-jdbc-3.1.4.jar;C:\Users\Asus\.m2\repository\com\zaxxer\HikariCP\5.0.1\HikariCP-5.0.1.jar;C:\Users\Asus\.m2\repository\org\springframework\spring-jdbc\6.0.12\spring-jdbc-6.0.12.jar;C:\Users\Asus\.m2\repository\org\hibernate\orm\hibernate-core\6.2.9.Final\hibernate-core-6.2.9.Final.jar;C:\Users\Asus\.m2\repository\jakarta\persistence\jakarta.persistence-api\3.1.0\jakarta.persistence-api-3.1.0.jar;C:\Users\Asus\.m2\repository\jakarta\transaction\jakarta.transaction-api\2.0.1\jakarta.transaction-api-2.0.1.jar;C:\Users\Asus\.m2\repository\org\jboss\logging\jboss-logging\3.5.3.Final\jboss-logging-3.5.3.Final.jar;C:\Users\Asus\.m2\repository\org\hibernate\common\hibernate-commons-annotations\6.0.6.Final\hibernate-commons-annotations-6.0.6.Final.jar;C:\Users\Asus\.m2\repository\io\smallrye\jandex\3.0.5\jandex-3.0.5.jar;C:\Users\Asus\.m2\repository\com\fasterxml\classmate\1.5.1\classmate-1.5.1.jar;C:\Users\Asus\.m2\repository\net\bytebuddy\byte-buddy\1.14.8\byte-buddy-1.14.8.jar;C:\Users\Asus\.m2\repository\org\glassfish\jaxb\jaxb-runtime\4.0.3\jaxb-runtime-4.0.3.jar;C:\Users\Asus\.m2\repository\org\glassfish\jaxb\jaxb-core\4.0.3\jaxb-core-4.0.3.jar;C:\Users\Asus\.m2\repository\org\eclipse\angus\angus-activation\2.0.1\angus-activation-2.0.1.jar;C:\Users\Asus\.m2\repository\org\glassfish\jaxb\txw2\4.0.3\txw2-4.0.3.jar;C:\Users\Asus\.m2\repository\com\sun\istack\istack-commons-run
Launcher Type: SUN_STANDARD

[Global flags]
     intx CICompilerCount                          = 2                                         {product} {ergonomic}
     uint ConcGCThreads                            = 1                                         {product} {ergonomic}
     uint G1ConcRefinementThreads                  = 2                                         {product} {ergonomic}
   size_t G1HeapRegionSize                         = 1048576                                   {product} {ergonomic}
    uintx GCDrainStackTargetSize                   = 64                                        {product} {ergonomic}
   size_t InitialHeapSize                          = 65011712                                  {product} {ergonomic}
     bool ManagementServer                         = true                                      {product} {command line}
   size_t MarkStackSize                            = 4194304                                   {product} {ergonomic}
   size_t MaxHeapSize                              = 1027604480                                {product} {ergonomic}
   size_t MaxNewSize                               = 616562688                                 {product} {ergonomic}
   size_t MinHeapDeltaBytes                        = 1048576                                   {product} {ergonomic}
   size_t MinHeapSize                              = 8388608                                   {product} {ergonomic}
    uintx NonProfiledCodeHeapSize                  = 0                                      {pd product} {ergonomic}
     bool ProfileInterpreter                       = false                                  {pd product} {command line}
    uintx ProfiledCodeHeapSize                     = 0                                      {pd product} {ergonomic}
   size_t SoftMaxHeapSize                          = 1027604480                             {manageable} {ergonomic}
     intx TieredStopAtLevel                        = 1                                         {product} {command line}
     bool UseCompressedClassPointers               = true                           {product lp64_product} {ergonomic}
     bool UseCompressedOops                        = true                           {product lp64_product} {ergonomic}
     bool UseG1GC                                  = true                                      {product} {ergonomic}
     bool UseLargePagesIndividualAllocation        = false                                  {pd product} {ergonomic}

Logging:
Log output configuration:
 #0: stdout all=warning uptime,level,tags
 #1: stderr all=off uptime,level,tags

Environment Variables:
JAVA_HOME=C:\Program Files\Java\jdk-17.0.2
PATH=C:\Program Files\Common Files\Oracle\Java\javapath;C:\oraclexe\app\oracle\product\11.2.0\server\bin;C:\Windows\system32;C:\Windows;C:\Windows\System32\Wbem;C:\Windows\System32\WindowsPowerShell\v1.0\;C:\Program Files\nodejs\;C:\Program Files\Java\jdk-17.0.2\bin;C:\Program Files\dotnet\;C:\Program Files\Git\cmd;C:\Users\Asus\AppData\Local\Microsoft\WindowsApps;C:\Users\Asus\AppData\Local\Programs\Microsoft VS Code\bin;C:\Users\Asus\AppData\Roaming\npm;C:\Program Files\MongoDB\Server\4.0\bin;C:\Users\Asus\.dotnet\tools
USERNAME=Asus
OS=Windows_NT
PROCESSOR_IDENTIFIER=Intel64 Family 6 Model 122 Stepping 1, GenuineIntel



---------------  S Y S T E M  ---------------

OS:
 Windows 10 , 64 bit Build 15063 (10.0.15063.296)
OS uptime: 0 days 12:33 hours

CPU: total 2 (initial active 2) (2 cores per cpu, 1 threads per core) family 6 model 122 stepping 1 microcode 0x32, cx8, cmov, fxsr, mmx, 3dnowpref, sse, sse2, sse3, ssse3, sse4.1, sse4.2, popcnt, tsc, tscinvbit, aes, erms, clmul, sha, clflush, clflushopt

Memory: 4k page, system-wide physical 3919M (568M free)
TotalPageFile size 4689M (AvailPageFile size 1M)
current process WorkingSet (physical memory assigned to process): 100M, peak: 100M
current process commit charge ("private bytes"): 152M, peak: 152M

vm_info: Java HotSpot(TM) 64-Bit Server VM (17.0.2+8-LTS-86) for windows-amd64 JRE (17.0.2+8-LTS-86), built on Dec  7 2021 21:51:03 by "mach5one" with MS VC++ 16.8 / 16.9 (VS2019)

END.
